# JRE version: OpenJDK Runtime Environment (17.0.6) (build 17.0.6+0-b2043.56-10027231)
# Java VM: OpenJDK 64-Bit Server VM (17.0.6+0-b2043.56-10027231, mixed mode, tiered, compressed oops, compressed class ptrs, g1 gc, windows-amd64)
GC Precious Log:
 CPUs: 4 total, 4 available
 Memory: 8025M
 Large Page Support: Disabled
 NUMA Support: Disabled
 Compressed Oops: Enabled (32-bit)
 Heap Region Size: 1M
 Heap Min Capacity: 8M
 Heap Initial Capacity: 126M
 Heap Max Capacity: 2G
 Pre-touch: Disabled
 Parallel Workers: 4
 Concurrent Workers: 1
 Concurrent Refinement Workers: 4
 Periodic GC: Disabled
Heap:
 garbage-first heap   total 82944K, used 56714K [0x0000000080000000, 0x0000000100000000)
  region size 1024K, 6 young (6144K), 2 survivors (2048K)
 Metaspace       used 65352K, committed 65920K, reserved 1105920K
  class space    used 8631K, committed 8896K, reserved 1048576K
GC Heap History (20 events):
Event: 16.141 GC heap before
{Heap before GC invocations=11 (full 0):
 garbage-first heap   total 68608K, used 51881K [0x0000000080000000, 0x0000000100000000)
  region size 1024K, 25 young (25600K), 4 survivors (4096K)
 Metaspace       used 42496K, committed 42880K, reserved 1089536K
  class space    used 5556K, committed 5696K, reserved 1048576K
}
Event: 16.151 GC heap after
{Heap after GC invocations=12 (full 0):
 garbage-first heap   total 68608K, used 28607K [0x0000000080000000, 0x0000000100000000)
  region size 1024K, 3 young (3072K), 3 survivors (3072K)
 Metaspace       used 42496K, committed 42880K, reserved 1089536K
  class space    used 5556K, committed 5696K, reserved 1048576K
}
Event: 16.989 GC heap before
{Heap before GC invocations=12 (full 0):
 garbage-first heap   total 68608K, used 49087K [0x0000000080000000, 0x0000000100000000)
  region size 1024K, 23 young (23552K), 3 survivors (3072K)
 Metaspace       used 44330K, committed 44736K, reserved 1089536K
  class space    used 5729K, committed 5888K, reserved 1048576K
}
Event: 16.997 GC heap after
{Heap after GC invocations=13 (full 0):
 garbage-first heap   total 82944K, used 30076K [0x0000000080000000, 0x0000000100000000)
  region size 1024K, 2 young (2048K), 2 survivors (2048K)
 Metaspace       used 44330K, committed 44736K, reserved 1089536K
  class space    used 5729K, committed 5888K, reserved 1048576K
}
Event: 17.905 GC heap before
{Heap before GC invocations=13 (full 0):
 garbage-first heap   total 82944K, used 59772K [0x0000000080000000, 0x0000000100000000)
  region size 1024K, 31 young (31744K), 2 survivors (2048K)
 Metaspace       used 48193K, committed 48640K, reserved 1097728K
  class space    used 6391K, committed 6592K, reserved 1048576K
}
Event: 17.912 GC heap after
{Heap after GC invocations=14 (full 0):
 garbage-first heap   total 82944K, used 31961K [0x0000000080000000, 0x0000000100000000)
  region size 1024K, 4 young (4096K), 4 survivors (4096K)
 Metaspace       used 48193K, committed 48640K, reserved 1097728K
  class space    used 6391K, committed 6592K, reserved 1048576K
}
Event: 19.161 GC heap before
{Heap before GC invocations=14 (full 0):
 garbage-first heap   total 82944K, used 61657K [0x0000000080000000, 0x0000000100000000)
  region size 1024K, 33 young (33792K), 4 survivors (4096K)
 Metaspace       used 52288K, committed 52736K, reserved 1097728K
  class space    used 7026K, committed 7232K, reserved 1048576K
}
Event: 19.173 GC heap after
{Heap after GC invocations=15 (full 0):
 garbage-first heap   total 82944K, used 33435K [0x0000000080000000, 0x0000000100000000)
  region size 1024K, 4 young (4096K), 4 survivors (4096K)
 Metaspace       used 52288K, committed 52736K, reserved 1097728K
  class space    used 7026K, committed 7232K, reserved 1048576K
}
Event: 20.459 GC heap before
{Heap before GC invocations=15 (full 0):
 garbage-first heap   total 82944K, used 63131K [0x0000000080000000, 0x0000000100000000)
  region size 1024K, 33 young (33792K), 4 survivors (4096K)
 Metaspace       used 53496K, committed 53952K, reserved 1097728K
  class space    used 7140K, committed 7360K, reserved 1048576K
}
Event: 20.472 GC heap after
{Heap after GC invocations=16 (full 0):
 garbage-first heap   total 82944K, used 37034K [0x0000000080000000, 0x0000000100000000)
  region size 1024K, 5 young (5120K), 5 survivors (5120K)
 Metaspace       used 53496K, committed 53952K, reserved 1097728K
  class space    used 7140K, committed 7360K, reserved 1048576K
}
Event: 21.998 GC heap before
{Heap before GC invocations=16 (full 0):
 garbage-first heap   total 82944K, used 66730K [0x0000000080000000, 0x0000000100000000)
  region size 1024K, 31 young (31744K), 5 survivors (5120K)
 Metaspace       used 55981K, committed 56448K, reserved 1097728K
  class space    used 7481K, committed 7680K, reserved 1048576K
}
Event: 22.010 GC heap after
{Heap after GC invocations=17 (full 0):
 garbage-first heap   total 82944K, used 45858K [0x0000000080000000, 0x0000000100000000)
  region size 1024K, 4 young (4096K), 4 survivors (4096K)
 Metaspace       used 55981K, committed 56448K, reserved 1097728K
  class space    used 7481K, committed 7680K, reserved 1048576K
}
Event: 23.363 GC heap before
{Heap before GC invocations=17 (full 0):
 garbage-first heap   total 82944K, used 64290K [0x0000000080000000, 0x0000000100000000)
  region size 1024K, 22 young (22528K), 4 survivors (4096K)
 Metaspace       used 59282K, committed 59776K, reserved 1105920K
  class space    used 7854K, committed 8064K, reserved 1048576K
}
Event: 23.368 GC heap after
{Heap after GC invocations=18 (full 0):
 garbage-first heap   total 82944K, used 46944K [0x0000000080000000, 0x0000000100000000)
  region size 1024K, 1 young (1024K), 1 survivors (1024K)
 Metaspace       used 59282K, committed 59776K, reserved 1105920K
  class space    used 7854K, committed 8064K, reserved 1048576K
}
Event: 25.778 GC heap before
{Heap before GC invocations=19 (full 0):
 garbage-first heap   total 82944K, used 66400K [0x0000000080000000, 0x0000000100000000)
  region size 1024K, 20 young (20480K), 1 survivors (1024K)
 Metaspace       used 61791K, committed 62336K, reserved 1105920K
  class space    used 8182K, committed 8448K, reserved 1048576K
}
Event: 25.790 GC heap after
{Heap after GC invocations=20 (full 0):
 garbage-first heap   total 82944K, used 47608K [0x0000000080000000, 0x0000000100000000)
  region size 1024K, 2 young (2048K), 2 survivors (2048K)
 Metaspace       used 61791K, committed 62336K, reserved 1105920K
  class space    used 8182K, committed 8448K, reserved 1048576K
}
Event: 25.988 GC heap before
{Heap before GC invocations=20 (full 0):
 garbage-first heap   total 82944K, used 49656K [0x0000000080000000, 0x0000000100000000)
  region size 1024K, 4 young (4096K), 2 survivors (2048K)
 Metaspace       used 63074K, committed 63680K, reserved 1105920K
  class space    used 8342K, committed 8576K, reserved 1048576K
}
Event: 25.996 GC heap after
{Heap after GC invocations=21 (full 0):
 garbage-first heap   total 82944K, used 48077K [0x0000000080000000, 0x0000000100000000)
  region size 1024K, 1 young (1024K), 1 survivors (1024K)
 Metaspace       used 63074K, committed 63680K, reserved 1105920K
  class space    used 8342K, committed 8576K, reserved 1048576K
}
Event: 26.564 GC heap before
{Heap before GC invocations=21 (full 0):
 garbage-first heap   total 82944K, used 59341K [0x0000000080000000, 0x0000000100000000)
  region size 1024K, 13 young (13312K), 1 survivors (1024K)
 Metaspace       used 65352K, committed 65920K, reserved 1105920K
  class space    used 8631K, committed 8896K, reserved 1048576K
}
Event: 26.569 GC heap after
{Heap after GC invocations=22 (full 0):
 garbage-first heap   total 82944K, used 49546K [0x0000000080000000, 0x0000000100000000)
  region size 1024K, 2 young (2048K), 2 survivors (2048K)
 Metaspace       used 65352K, committed 65920K, reserved 1105920K
  class space    used 8631K, committed 8896K, reserved 1048576K
}

